mode: set
gitea-cicd.apps.aws2-dev.ocp.14west.io/cicd/servisbot-s3bucket-manager/pkg/validator/validate.go:13.59,17.27 4 1
gitea-cicd.apps.aws2-dev.ocp.14west.io/cicd/servisbot-s3bucket-manager/pkg/validator/validate.go:25.2,25.12 1 1
gitea-cicd.apps.aws2-dev.ocp.14west.io/cicd/servisbot-s3bucket-manager/pkg/validator/validate.go:17.27,18.15 1 1
gitea-cicd.apps.aws2-dev.ocp.14west.io/cicd/servisbot-s3bucket-manager/pkg/validator/validate.go:23.3,23.69 1 1
gitea-cicd.apps.aws2-dev.ocp.14west.io/cicd/servisbot-s3bucket-manager/pkg/validator/validate.go:18.15,21.4 2 1
gitea-cicd.apps.aws2-dev.ocp.14west.io/cicd/servisbot-s3bucket-manager/pkg/validator/validate.go:30.50,38.23 2 1
gitea-cicd.apps.aws2-dev.ocp.14west.io/cicd/servisbot-s3bucket-manager/pkg/validator/validate.go:43.2,43.12 1 1
gitea-cicd.apps.aws2-dev.ocp.14west.io/cicd/servisbot-s3bucket-manager/pkg/validator/validate.go:38.23,39.54 1 1
gitea-cicd.apps.aws2-dev.ocp.14west.io/cicd/servisbot-s3bucket-manager/pkg/validator/validate.go:39.54,41.4 1 1
gitea-cicd.apps.aws2-dev.ocp.14west.io/cicd/servisbot-s3bucket-manager/pkg/handlers/handlers.go:33.88,43.19 6 1
gitea-cicd.apps.aws2-dev.ocp.14west.io/cicd/servisbot-s3bucket-manager/pkg/handlers/handlers.go:46.2,47.16 2 1
gitea-cicd.apps.aws2-dev.ocp.14west.io/cicd/servisbot-s3bucket-manager/pkg/handlers/handlers.go:54.2,58.17 3 1
gitea-cicd.apps.aws2-dev.ocp.14west.io/cicd/servisbot-s3bucket-manager/pkg/handlers/handlers.go:67.2,68.16 2 1
gitea-cicd.apps.aws2-dev.ocp.14west.io/cicd/servisbot-s3bucket-manager/pkg/handlers/handlers.go:76.2,79.63 2 1
gitea-cicd.apps.aws2-dev.ocp.14west.io/cicd/servisbot-s3bucket-manager/pkg/handlers/handlers.go:85.2,86.16 2 1
gitea-cicd.apps.aws2-dev.ocp.14west.io/cicd/servisbot-s3bucket-manager/pkg/handlers/handlers.go:90.2,90.37 1 1
gitea-cicd.apps.aws2-dev.ocp.14west.io/cicd/servisbot-s3bucket-manager/pkg/handlers/handlers.go:94.2,99.8 6 1
gitea-cicd.apps.aws2-dev.ocp.14west.io/cicd/servisbot-s3bucket-manager/pkg/handlers/handlers.go:43.19,45.3 1 0
gitea-cicd.apps.aws2-dev.ocp.14west.io/cicd/servisbot-s3bucket-manager/pkg/handlers/handlers.go:47.16,52.3 4 1
gitea-cicd.apps.aws2-dev.ocp.14west.io/cicd/servisbot-s3bucket-manager/pkg/handlers/handlers.go:58.17,64.3 5 1
gitea-cicd.apps.aws2-dev.ocp.14west.io/cicd/servisbot-s3bucket-manager/pkg/handlers/handlers.go:68.16,74.3 5 1
gitea-cicd.apps.aws2-dev.ocp.14west.io/cicd/servisbot-s3bucket-manager/pkg/handlers/handlers.go:79.63,81.3 1 1
gitea-cicd.apps.aws2-dev.ocp.14west.io/cicd/servisbot-s3bucket-manager/pkg/handlers/handlers.go:81.8,83.3 1 0
gitea-cicd.apps.aws2-dev.ocp.14west.io/cicd/servisbot-s3bucket-manager/pkg/handlers/handlers.go:86.16,88.3 1 0
gitea-cicd.apps.aws2-dev.ocp.14west.io/cicd/servisbot-s3bucket-manager/pkg/handlers/handlers.go:90.37,93.3 2 1
gitea-cicd.apps.aws2-dev.ocp.14west.io/cicd/servisbot-s3bucket-manager/pkg/handlers/handlers.go:103.89,113.19 5 1
gitea-cicd.apps.aws2-dev.ocp.14west.io/cicd/servisbot-s3bucket-manager/pkg/handlers/handlers.go:116.2,117.16 2 1
gitea-cicd.apps.aws2-dev.ocp.14west.io/cicd/servisbot-s3bucket-manager/pkg/handlers/handlers.go:124.2,128.17 3 1
gitea-cicd.apps.aws2-dev.ocp.14west.io/cicd/servisbot-s3bucket-manager/pkg/handlers/handlers.go:137.2,138.16 2 1
gitea-cicd.apps.aws2-dev.ocp.14west.io/cicd/servisbot-s3bucket-manager/pkg/handlers/handlers.go:146.2,149.14 4 1
gitea-cicd.apps.aws2-dev.ocp.14west.io/cicd/servisbot-s3bucket-manager/pkg/handlers/handlers.go:157.2,162.8 6 1
gitea-cicd.apps.aws2-dev.ocp.14west.io/cicd/servisbot-s3bucket-manager/pkg/handlers/handlers.go:113.19,115.3 1 0
gitea-cicd.apps.aws2-dev.ocp.14west.io/cicd/servisbot-s3bucket-manager/pkg/handlers/handlers.go:117.16,122.3 4 1
gitea-cicd.apps.aws2-dev.ocp.14west.io/cicd/servisbot-s3bucket-manager/pkg/handlers/handlers.go:128.17,134.3 5 1
gitea-cicd.apps.aws2-dev.ocp.14west.io/cicd/servisbot-s3bucket-manager/pkg/handlers/handlers.go:138.16,144.3 5 1
gitea-cicd.apps.aws2-dev.ocp.14west.io/cicd/servisbot-s3bucket-manager/pkg/handlers/handlers.go:149.14,155.3 5 1
gitea-cicd.apps.aws2-dev.ocp.14west.io/cicd/servisbot-s3bucket-manager/pkg/handlers/handlers.go:166.90,179.19 7 1
gitea-cicd.apps.aws2-dev.ocp.14west.io/cicd/servisbot-s3bucket-manager/pkg/handlers/handlers.go:182.2,183.16 2 1
gitea-cicd.apps.aws2-dev.ocp.14west.io/cicd/servisbot-s3bucket-manager/pkg/handlers/handlers.go:190.2,194.17 3 1
gitea-cicd.apps.aws2-dev.ocp.14west.io/cicd/servisbot-s3bucket-manager/pkg/handlers/handlers.go:203.2,204.16 2 1
gitea-cicd.apps.aws2-dev.ocp.14west.io/cicd/servisbot-s3bucket-manager/pkg/handlers/handlers.go:213.2,214.29 2 1
gitea-cicd.apps.aws2-dev.ocp.14west.io/cicd/servisbot-s3bucket-manager/pkg/handlers/handlers.go:243.2,246.8 4 1
gitea-cicd.apps.aws2-dev.ocp.14west.io/cicd/servisbot-s3bucket-manager/pkg/handlers/handlers.go:179.19,181.3 1 0
gitea-cicd.apps.aws2-dev.ocp.14west.io/cicd/servisbot-s3bucket-manager/pkg/handlers/handlers.go:183.16,188.3 4 1
gitea-cicd.apps.aws2-dev.ocp.14west.io/cicd/servisbot-s3bucket-manager/pkg/handlers/handlers.go:194.17,200.3 5 1
gitea-cicd.apps.aws2-dev.ocp.14west.io/cicd/servisbot-s3bucket-manager/pkg/handlers/handlers.go:204.16,210.3 5 1
gitea-cicd.apps.aws2-dev.ocp.14west.io/cicd/servisbot-s3bucket-manager/pkg/handlers/handlers.go:214.29,217.16 3 1
gitea-cicd.apps.aws2-dev.ocp.14west.io/cicd/servisbot-s3bucket-manager/pkg/handlers/handlers.go:225.3,227.145 3 1
gitea-cicd.apps.aws2-dev.ocp.14west.io/cicd/servisbot-s3bucket-manager/pkg/handlers/handlers.go:217.16,223.4 5 0
gitea-cicd.apps.aws2-dev.ocp.14west.io/cicd/servisbot-s3bucket-manager/pkg/handlers/handlers.go:228.8,232.15 3 1
gitea-cicd.apps.aws2-dev.ocp.14west.io/cicd/servisbot-s3bucket-manager/pkg/handlers/handlers.go:239.3,240.130 2 1
gitea-cicd.apps.aws2-dev.ocp.14west.io/cicd/servisbot-s3bucket-manager/pkg/handlers/handlers.go:232.15,238.4 5 1
gitea-cicd.apps.aws2-dev.ocp.14west.io/cicd/servisbot-s3bucket-manager/pkg/handlers/handlers.go:250.86,257.19 3 1
gitea-cicd.apps.aws2-dev.ocp.14west.io/cicd/servisbot-s3bucket-manager/pkg/handlers/handlers.go:260.2,261.16 2 1
gitea-cicd.apps.aws2-dev.ocp.14west.io/cicd/servisbot-s3bucket-manager/pkg/handlers/handlers.go:268.2,272.17 3 1
gitea-cicd.apps.aws2-dev.ocp.14west.io/cicd/servisbot-s3bucket-manager/pkg/handlers/handlers.go:281.2,282.16 2 1
gitea-cicd.apps.aws2-dev.ocp.14west.io/cicd/servisbot-s3bucket-manager/pkg/handlers/handlers.go:290.2,294.15 5 1
gitea-cicd.apps.aws2-dev.ocp.14west.io/cicd/servisbot-s3bucket-manager/pkg/handlers/handlers.go:302.2,304.8 3 1
gitea-cicd.apps.aws2-dev.ocp.14west.io/cicd/servisbot-s3bucket-manager/pkg/handlers/handlers.go:257.19,259.3 1 0
gitea-cicd.apps.aws2-dev.ocp.14west.io/cicd/servisbot-s3bucket-manager/pkg/handlers/handlers.go:261.16,266.3 4 1
gitea-cicd.apps.aws2-dev.ocp.14west.io/cicd/servisbot-s3bucket-manager/pkg/handlers/handlers.go:272.17,278.3 5 1
gitea-cicd.apps.aws2-dev.ocp.14west.io/cicd/servisbot-s3bucket-manager/pkg/handlers/handlers.go:282.16,288.3 5 1
gitea-cicd.apps.aws2-dev.ocp.14west.io/cicd/servisbot-s3bucket-manager/pkg/handlers/handlers.go:294.15,300.3 5 0
gitea-cicd.apps.aws2-dev.ocp.14west.io/cicd/servisbot-s3bucket-manager/pkg/handlers/handlers.go:308.83,316.50 5 1
gitea-cicd.apps.aws2-dev.ocp.14west.io/cicd/servisbot-s3bucket-manager/pkg/handlers/handlers.go:338.2,339.16 2 1
gitea-cicd.apps.aws2-dev.ocp.14west.io/cicd/servisbot-s3bucket-manager/pkg/handlers/handlers.go:347.2,351.37 4 1
gitea-cicd.apps.aws2-dev.ocp.14west.io/cicd/servisbot-s3bucket-manager/pkg/handlers/handlers.go:358.2,358.6 1 1
gitea-cicd.apps.aws2-dev.ocp.14west.io/cicd/servisbot-s3bucket-manager/pkg/handlers/handlers.go:377.2,387.14 10 1
gitea-cicd.apps.aws2-dev.ocp.14west.io/cicd/servisbot-s3bucket-manager/pkg/handlers/handlers.go:395.2,399.8 5 1
gitea-cicd.apps.aws2-dev.ocp.14west.io/cicd/servisbot-s3bucket-manager/pkg/handlers/handlers.go:316.50,319.3 1 0
gitea-cicd.apps.aws2-dev.ocp.14west.io/cicd/servisbot-s3bucket-manager/pkg/handlers/handlers.go:319.8,327.17 5 1
gitea-cicd.apps.aws2-dev.ocp.14west.io/cicd/servisbot-s3bucket-manager/pkg/handlers/handlers.go:331.3,331.29 1 1
gitea-cicd.apps.aws2-dev.ocp.14west.io/cicd/servisbot-s3bucket-manager/pkg/handlers/handlers.go:327.17,330.4 2 1
gitea-cicd.apps.aws2-dev.ocp.14west.io/cicd/servisbot-s3bucket-manager/pkg/handlers/handlers.go:331.29,333.4 1 0
gitea-cicd.apps.aws2-dev.ocp.14west.io/cicd/servisbot-s3bucket-manager/pkg/handlers/handlers.go:333.9,335.4 1 1
gitea-cicd.apps.aws2-dev.ocp.14west.io/cicd/servisbot-s3bucket-manager/pkg/handlers/handlers.go:339.16,345.3 5 1
gitea-cicd.apps.aws2-dev.ocp.14west.io/cicd/servisbot-s3bucket-manager/pkg/handlers/handlers.go:351.37,355.3 3 1
gitea-cicd.apps.aws2-dev.ocp.14west.io/cicd/servisbot-s3bucket-manager/pkg/handlers/handlers.go:358.6,360.17 2 1
gitea-cicd.apps.aws2-dev.ocp.14west.io/cicd/servisbot-s3bucket-manager/pkg/handlers/handlers.go:367.3,367.38 1 1
gitea-cicd.apps.aws2-dev.ocp.14west.io/cicd/servisbot-s3bucket-manager/pkg/handlers/handlers.go:372.3,372.25 1 1
gitea-cicd.apps.aws2-dev.ocp.14west.io/cicd/servisbot-s3bucket-manager/pkg/handlers/handlers.go:360.17,365.9 5 0
gitea-cicd.apps.aws2-dev.ocp.14west.io/cicd/servisbot-s3bucket-manager/pkg/handlers/handlers.go:367.38,371.4 3 1
gitea-cicd.apps.aws2-dev.ocp.14west.io/cicd/servisbot-s3bucket-manager/pkg/handlers/handlers.go:372.25,373.9 1 1
gitea-cicd.apps.aws2-dev.ocp.14west.io/cicd/servisbot-s3bucket-manager/pkg/handlers/handlers.go:387.14,393.3 5 0
gitea-cicd.apps.aws2-dev.ocp.14west.io/cicd/servisbot-s3bucket-manager/pkg/handlers/handlers.go:402.75,412.16 5 1
gitea-cicd.apps.aws2-dev.ocp.14west.io/cicd/servisbot-s3bucket-manager/pkg/handlers/handlers.go:418.2,419.17 2 1
gitea-cicd.apps.aws2-dev.ocp.14west.io/cicd/servisbot-s3bucket-manager/pkg/handlers/handlers.go:424.2,424.22 1 0
gitea-cicd.apps.aws2-dev.ocp.14west.io/cicd/servisbot-s3bucket-manager/pkg/handlers/handlers.go:431.2,431.12 1 0
gitea-cicd.apps.aws2-dev.ocp.14west.io/cicd/servisbot-s3bucket-manager/pkg/handlers/handlers.go:412.16,415.3 2 0
gitea-cicd.apps.aws2-dev.ocp.14west.io/cicd/servisbot-s3bucket-manager/pkg/handlers/handlers.go:419.17,422.3 2 1
gitea-cicd.apps.aws2-dev.ocp.14west.io/cicd/servisbot-s3bucket-manager/pkg/handlers/handlers.go:424.22,425.27 1 0
gitea-cicd.apps.aws2-dev.ocp.14west.io/cicd/servisbot-s3bucket-manager/pkg/handlers/handlers.go:425.27,427.4 1 0
gitea-cicd.apps.aws2-dev.ocp.14west.io/cicd/servisbot-s3bucket-manager/pkg/handlers/handlers.go:427.9,429.4 1 0
gitea-cicd.apps.aws2-dev.ocp.14west.io/cicd/servisbot-s3bucket-manager/pkg/handlers/handlers.go:434.54,439.2 3 1
gitea-cicd.apps.aws2-dev.ocp.14west.io/cicd/servisbot-s3bucket-manager/pkg/handlers/handlers.go:442.57,443.35 1 1
gitea-cicd.apps.aws2-dev.ocp.14west.io/cicd/servisbot-s3bucket-manager/pkg/handlers/handlers.go:446.2,450.151 4 1
gitea-cicd.apps.aws2-dev.ocp.14west.io/cicd/servisbot-s3bucket-manager/pkg/handlers/handlers.go:443.35,445.3 1 0
gitea-cicd.apps.aws2-dev.ocp.14west.io/cicd/servisbot-s3bucket-manager/pkg/handlers/handlers.go:454.98,460.2 5 1
gitea-cicd.apps.aws2-dev.ocp.14west.io/cicd/servisbot-s3bucket-manager/pkg/handlers/handlers.go:463.67,466.20 2 1
gitea-cicd.apps.aws2-dev.ocp.14west.io/cicd/servisbot-s3bucket-manager/pkg/handlers/handlers.go:470.2,470.80 1 1
gitea-cicd.apps.aws2-dev.ocp.14west.io/cicd/servisbot-s3bucket-manager/pkg/handlers/handlers.go:477.2,477.16 1 1
gitea-cicd.apps.aws2-dev.ocp.14west.io/cicd/servisbot-s3bucket-manager/pkg/handlers/handlers.go:481.2,481.67 1 1
gitea-cicd.apps.aws2-dev.ocp.14west.io/cicd/servisbot-s3bucket-manager/pkg/handlers/handlers.go:490.2,490.50 1 0
gitea-cicd.apps.aws2-dev.ocp.14west.io/cicd/servisbot-s3bucket-manager/pkg/handlers/handlers.go:466.20,468.3 1 0
gitea-cicd.apps.aws2-dev.ocp.14west.io/cicd/servisbot-s3bucket-manager/pkg/handlers/handlers.go:470.80,471.58 1 1
gitea-cicd.apps.aws2-dev.ocp.14west.io/cicd/servisbot-s3bucket-manager/pkg/handlers/handlers.go:474.3,474.49 1 1
gitea-cicd.apps.aws2-dev.ocp.14west.io/cicd/servisbot-s3bucket-manager/pkg/handlers/handlers.go:471.58,473.4 1 0
gitea-cicd.apps.aws2-dev.ocp.14west.io/cicd/servisbot-s3bucket-manager/pkg/handlers/handlers.go:477.16,479.3 1 1
gitea-cicd.apps.aws2-dev.ocp.14west.io/cicd/servisbot-s3bucket-manager/pkg/handlers/handlers.go:481.67,482.63 1 1
gitea-cicd.apps.aws2-dev.ocp.14west.io/cicd/servisbot-s3bucket-manager/pkg/handlers/handlers.go:485.3,488.20 4 1
gitea-cicd.apps.aws2-dev.ocp.14west.io/cicd/servisbot-s3bucket-manager/pkg/handlers/handlers.go:482.63,484.4 1 0
