mode: set
gitea-cicd.apps.aws2-dev.ocp.14west.io/cicd/servisbot-s3bucket-manager/pkg/validator/validate.go:13.59,17.27 4 1
gitea-cicd.apps.aws2-dev.ocp.14west.io/cicd/servisbot-s3bucket-manager/pkg/validator/validate.go:25.2,25.12 1 1
gitea-cicd.apps.aws2-dev.ocp.14west.io/cicd/servisbot-s3bucket-manager/pkg/validator/validate.go:17.27,18.15 1 1
gitea-cicd.apps.aws2-dev.ocp.14west.io/cicd/servisbot-s3bucket-manager/pkg/validator/validate.go:23.3,23.69 1 1
gitea-cicd.apps.aws2-dev.ocp.14west.io/cicd/servisbot-s3bucket-manager/pkg/validator/validate.go:18.15,21.4 2 1
gitea-cicd.apps.aws2-dev.ocp.14west.io/cicd/servisbot-s3bucket-manager/pkg/validator/validate.go:30.50,38.23 2 1
gitea-cicd.apps.aws2-dev.ocp.14west.io/cicd/servisbot-s3bucket-manager/pkg/validator/validate.go:43.2,43.12 1 1
gitea-cicd.apps.aws2-dev.ocp.14west.io/cicd/servisbot-s3bucket-manager/pkg/validator/validate.go:38.23,39.54 1 1
gitea-cicd.apps.aws2-dev.ocp.14west.io/cicd/servisbot-s3bucket-manager/pkg/validator/validate.go:39.54,41.4 1 1
gitea-cicd.apps.aws2-dev.ocp.14west.io/cicd/servisbot-s3bucket-manager/pkg/handlers/handlers.go:34.88,44.19 6 1
gitea-cicd.apps.aws2-dev.ocp.14west.io/cicd/servisbot-s3bucket-manager/pkg/handlers/handlers.go:47.2,48.16 2 1
gitea-cicd.apps.aws2-dev.ocp.14west.io/cicd/servisbot-s3bucket-manager/pkg/handlers/handlers.go:55.2,59.17 3 1
gitea-cicd.apps.aws2-dev.ocp.14west.io/cicd/servisbot-s3bucket-manager/pkg/handlers/handlers.go:68.2,69.16 2 1
gitea-cicd.apps.aws2-dev.ocp.14west.io/cicd/servisbot-s3bucket-manager/pkg/handlers/handlers.go:77.2,80.63 2 1
gitea-cicd.apps.aws2-dev.ocp.14west.io/cicd/servisbot-s3bucket-manager/pkg/handlers/handlers.go:86.2,87.16 2 1
gitea-cicd.apps.aws2-dev.ocp.14west.io/cicd/servisbot-s3bucket-manager/pkg/handlers/handlers.go:91.2,91.37 1 1
gitea-cicd.apps.aws2-dev.ocp.14west.io/cicd/servisbot-s3bucket-manager/pkg/handlers/handlers.go:95.2,100.8 6 1
gitea-cicd.apps.aws2-dev.ocp.14west.io/cicd/servisbot-s3bucket-manager/pkg/handlers/handlers.go:44.19,46.3 1 0
gitea-cicd.apps.aws2-dev.ocp.14west.io/cicd/servisbot-s3bucket-manager/pkg/handlers/handlers.go:48.16,53.3 4 1
gitea-cicd.apps.aws2-dev.ocp.14west.io/cicd/servisbot-s3bucket-manager/pkg/handlers/handlers.go:59.17,65.3 5 1
gitea-cicd.apps.aws2-dev.ocp.14west.io/cicd/servisbot-s3bucket-manager/pkg/handlers/handlers.go:69.16,75.3 5 1
gitea-cicd.apps.aws2-dev.ocp.14west.io/cicd/servisbot-s3bucket-manager/pkg/handlers/handlers.go:80.63,82.3 1 1
gitea-cicd.apps.aws2-dev.ocp.14west.io/cicd/servisbot-s3bucket-manager/pkg/handlers/handlers.go:82.8,84.3 1 0
gitea-cicd.apps.aws2-dev.ocp.14west.io/cicd/servisbot-s3bucket-manager/pkg/handlers/handlers.go:87.16,89.3 1 0
gitea-cicd.apps.aws2-dev.ocp.14west.io/cicd/servisbot-s3bucket-manager/pkg/handlers/handlers.go:91.37,94.3 2 1
gitea-cicd.apps.aws2-dev.ocp.14west.io/cicd/servisbot-s3bucket-manager/pkg/handlers/handlers.go:104.89,114.19 5 1
gitea-cicd.apps.aws2-dev.ocp.14west.io/cicd/servisbot-s3bucket-manager/pkg/handlers/handlers.go:117.2,118.16 2 1
gitea-cicd.apps.aws2-dev.ocp.14west.io/cicd/servisbot-s3bucket-manager/pkg/handlers/handlers.go:125.2,129.17 3 1
gitea-cicd.apps.aws2-dev.ocp.14west.io/cicd/servisbot-s3bucket-manager/pkg/handlers/handlers.go:138.2,139.16 2 1
gitea-cicd.apps.aws2-dev.ocp.14west.io/cicd/servisbot-s3bucket-manager/pkg/handlers/handlers.go:147.2,150.14 4 1
gitea-cicd.apps.aws2-dev.ocp.14west.io/cicd/servisbot-s3bucket-manager/pkg/handlers/handlers.go:158.2,163.8 6 1
gitea-cicd.apps.aws2-dev.ocp.14west.io/cicd/servisbot-s3bucket-manager/pkg/handlers/handlers.go:114.19,116.3 1 0
gitea-cicd.apps.aws2-dev.ocp.14west.io/cicd/servisbot-s3bucket-manager/pkg/handlers/handlers.go:118.16,123.3 4 1
gitea-cicd.apps.aws2-dev.ocp.14west.io/cicd/servisbot-s3bucket-manager/pkg/handlers/handlers.go:129.17,135.3 5 1
gitea-cicd.apps.aws2-dev.ocp.14west.io/cicd/servisbot-s3bucket-manager/pkg/handlers/handlers.go:139.16,145.3 5 1
gitea-cicd.apps.aws2-dev.ocp.14west.io/cicd/servisbot-s3bucket-manager/pkg/handlers/handlers.go:150.14,156.3 5 1
gitea-cicd.apps.aws2-dev.ocp.14west.io/cicd/servisbot-s3bucket-manager/pkg/handlers/handlers.go:167.90,180.19 7 1
gitea-cicd.apps.aws2-dev.ocp.14west.io/cicd/servisbot-s3bucket-manager/pkg/handlers/handlers.go:183.2,184.16 2 1
gitea-cicd.apps.aws2-dev.ocp.14west.io/cicd/servisbot-s3bucket-manager/pkg/handlers/handlers.go:191.2,195.17 3 1
gitea-cicd.apps.aws2-dev.ocp.14west.io/cicd/servisbot-s3bucket-manager/pkg/handlers/handlers.go:204.2,205.16 2 1
gitea-cicd.apps.aws2-dev.ocp.14west.io/cicd/servisbot-s3bucket-manager/pkg/handlers/handlers.go:214.2,215.29 2 1
gitea-cicd.apps.aws2-dev.ocp.14west.io/cicd/servisbot-s3bucket-manager/pkg/handlers/handlers.go:244.2,247.8 4 1
gitea-cicd.apps.aws2-dev.ocp.14west.io/cicd/servisbot-s3bucket-manager/pkg/handlers/handlers.go:180.19,182.3 1 0
gitea-cicd.apps.aws2-dev.ocp.14west.io/cicd/servisbot-s3bucket-manager/pkg/handlers/handlers.go:184.16,189.3 4 1
gitea-cicd.apps.aws2-dev.ocp.14west.io/cicd/servisbot-s3bucket-manager/pkg/handlers/handlers.go:195.17,201.3 5 1
gitea-cicd.apps.aws2-dev.ocp.14west.io/cicd/servisbot-s3bucket-manager/pkg/handlers/handlers.go:205.16,211.3 5 1
gitea-cicd.apps.aws2-dev.ocp.14west.io/cicd/servisbot-s3bucket-manager/pkg/handlers/handlers.go:215.29,218.16 3 1
gitea-cicd.apps.aws2-dev.ocp.14west.io/cicd/servisbot-s3bucket-manager/pkg/handlers/handlers.go:226.3,228.145 3 1
gitea-cicd.apps.aws2-dev.ocp.14west.io/cicd/servisbot-s3bucket-manager/pkg/handlers/handlers.go:218.16,224.4 5 0
gitea-cicd.apps.aws2-dev.ocp.14west.io/cicd/servisbot-s3bucket-manager/pkg/handlers/handlers.go:229.8,233.15 3 1
gitea-cicd.apps.aws2-dev.ocp.14west.io/cicd/servisbot-s3bucket-manager/pkg/handlers/handlers.go:240.3,241.130 2 1
gitea-cicd.apps.aws2-dev.ocp.14west.io/cicd/servisbot-s3bucket-manager/pkg/handlers/handlers.go:233.15,239.4 5 1
gitea-cicd.apps.aws2-dev.ocp.14west.io/cicd/servisbot-s3bucket-manager/pkg/handlers/handlers.go:251.86,258.19 3 1
gitea-cicd.apps.aws2-dev.ocp.14west.io/cicd/servisbot-s3bucket-manager/pkg/handlers/handlers.go:261.2,262.16 2 1
gitea-cicd.apps.aws2-dev.ocp.14west.io/cicd/servisbot-s3bucket-manager/pkg/handlers/handlers.go:269.2,273.17 3 1
gitea-cicd.apps.aws2-dev.ocp.14west.io/cicd/servisbot-s3bucket-manager/pkg/handlers/handlers.go:282.2,283.16 2 1
gitea-cicd.apps.aws2-dev.ocp.14west.io/cicd/servisbot-s3bucket-manager/pkg/handlers/handlers.go:291.2,295.15 5 1
gitea-cicd.apps.aws2-dev.ocp.14west.io/cicd/servisbot-s3bucket-manager/pkg/handlers/handlers.go:303.2,305.8 3 1
gitea-cicd.apps.aws2-dev.ocp.14west.io/cicd/servisbot-s3bucket-manager/pkg/handlers/handlers.go:258.19,260.3 1 0
gitea-cicd.apps.aws2-dev.ocp.14west.io/cicd/servisbot-s3bucket-manager/pkg/handlers/handlers.go:262.16,267.3 4 1
gitea-cicd.apps.aws2-dev.ocp.14west.io/cicd/servisbot-s3bucket-manager/pkg/handlers/handlers.go:273.17,279.3 5 1
gitea-cicd.apps.aws2-dev.ocp.14west.io/cicd/servisbot-s3bucket-manager/pkg/handlers/handlers.go:283.16,289.3 5 1
gitea-cicd.apps.aws2-dev.ocp.14west.io/cicd/servisbot-s3bucket-manager/pkg/handlers/handlers.go:295.15,301.3 5 0
gitea-cicd.apps.aws2-dev.ocp.14west.io/cicd/servisbot-s3bucket-manager/pkg/handlers/handlers.go:309.83,317.50 5 1
gitea-cicd.apps.aws2-dev.ocp.14west.io/cicd/servisbot-s3bucket-manager/pkg/handlers/handlers.go:341.2,342.66 2 1
gitea-cicd.apps.aws2-dev.ocp.14west.io/cicd/servisbot-s3bucket-manager/pkg/handlers/handlers.go:346.2,348.66 2 1
gitea-cicd.apps.aws2-dev.ocp.14west.io/cicd/servisbot-s3bucket-manager/pkg/handlers/handlers.go:352.2,356.8 5 1
gitea-cicd.apps.aws2-dev.ocp.14west.io/cicd/servisbot-s3bucket-manager/pkg/handlers/handlers.go:317.50,321.3 2 0
gitea-cicd.apps.aws2-dev.ocp.14west.io/cicd/servisbot-s3bucket-manager/pkg/handlers/handlers.go:321.8,330.17 6 1
gitea-cicd.apps.aws2-dev.ocp.14west.io/cicd/servisbot-s3bucket-manager/pkg/handlers/handlers.go:334.3,334.29 1 1
gitea-cicd.apps.aws2-dev.ocp.14west.io/cicd/servisbot-s3bucket-manager/pkg/handlers/handlers.go:330.17,333.4 2 1
gitea-cicd.apps.aws2-dev.ocp.14west.io/cicd/servisbot-s3bucket-manager/pkg/handlers/handlers.go:334.29,336.4 1 0
gitea-cicd.apps.aws2-dev.ocp.14west.io/cicd/servisbot-s3bucket-manager/pkg/handlers/handlers.go:336.9,338.4 1 1
gitea-cicd.apps.aws2-dev.ocp.14west.io/cicd/servisbot-s3bucket-manager/pkg/handlers/handlers.go:342.66,344.3 1 1
gitea-cicd.apps.aws2-dev.ocp.14west.io/cicd/servisbot-s3bucket-manager/pkg/handlers/handlers.go:348.66,350.3 1 1
gitea-cicd.apps.aws2-dev.ocp.14west.io/cicd/servisbot-s3bucket-manager/pkg/handlers/handlers.go:359.104,361.66 1 1
gitea-cicd.apps.aws2-dev.ocp.14west.io/cicd/servisbot-s3bucket-manager/pkg/handlers/handlers.go:364.2,367.16 4 1
gitea-cicd.apps.aws2-dev.ocp.14west.io/cicd/servisbot-s3bucket-manager/pkg/handlers/handlers.go:373.2,378.37 5 1
gitea-cicd.apps.aws2-dev.ocp.14west.io/cicd/servisbot-s3bucket-manager/pkg/handlers/handlers.go:386.2,386.6 1 1
gitea-cicd.apps.aws2-dev.ocp.14west.io/cicd/servisbot-s3bucket-manager/pkg/handlers/handlers.go:405.2,416.14 11 1
gitea-cicd.apps.aws2-dev.ocp.14west.io/cicd/servisbot-s3bucket-manager/pkg/handlers/handlers.go:421.2,423.12 2 1
gitea-cicd.apps.aws2-dev.ocp.14west.io/cicd/servisbot-s3bucket-manager/pkg/handlers/handlers.go:361.66,363.3 1 1
gitea-cicd.apps.aws2-dev.ocp.14west.io/cicd/servisbot-s3bucket-manager/pkg/handlers/handlers.go:367.16,371.3 3 0
gitea-cicd.apps.aws2-dev.ocp.14west.io/cicd/servisbot-s3bucket-manager/pkg/handlers/handlers.go:378.37,382.3 3 1
gitea-cicd.apps.aws2-dev.ocp.14west.io/cicd/servisbot-s3bucket-manager/pkg/handlers/handlers.go:386.6,388.17 2 1
gitea-cicd.apps.aws2-dev.ocp.14west.io/cicd/servisbot-s3bucket-manager/pkg/handlers/handlers.go:393.3,394.38 2 1
gitea-cicd.apps.aws2-dev.ocp.14west.io/cicd/servisbot-s3bucket-manager/pkg/handlers/handlers.go:399.3,399.25 1 1
gitea-cicd.apps.aws2-dev.ocp.14west.io/cicd/servisbot-s3bucket-manager/pkg/handlers/handlers.go:388.17,392.4 3 0
gitea-cicd.apps.aws2-dev.ocp.14west.io/cicd/servisbot-s3bucket-manager/pkg/handlers/handlers.go:394.38,398.4 3 1
gitea-cicd.apps.aws2-dev.ocp.14west.io/cicd/servisbot-s3bucket-manager/pkg/handlers/handlers.go:399.25,400.9 1 1
gitea-cicd.apps.aws2-dev.ocp.14west.io/cicd/servisbot-s3bucket-manager/pkg/handlers/handlers.go:416.14,420.3 3 0
gitea-cicd.apps.aws2-dev.ocp.14west.io/cicd/servisbot-s3bucket-manager/pkg/handlers/handlers.go:426.75,436.16 5 1
gitea-cicd.apps.aws2-dev.ocp.14west.io/cicd/servisbot-s3bucket-manager/pkg/handlers/handlers.go:442.2,443.17 2 1
gitea-cicd.apps.aws2-dev.ocp.14west.io/cicd/servisbot-s3bucket-manager/pkg/handlers/handlers.go:448.2,448.22 1 0
gitea-cicd.apps.aws2-dev.ocp.14west.io/cicd/servisbot-s3bucket-manager/pkg/handlers/handlers.go:455.2,455.12 1 0
gitea-cicd.apps.aws2-dev.ocp.14west.io/cicd/servisbot-s3bucket-manager/pkg/handlers/handlers.go:436.16,439.3 2 0
gitea-cicd.apps.aws2-dev.ocp.14west.io/cicd/servisbot-s3bucket-manager/pkg/handlers/handlers.go:443.17,446.3 2 1
gitea-cicd.apps.aws2-dev.ocp.14west.io/cicd/servisbot-s3bucket-manager/pkg/handlers/handlers.go:448.22,449.27 1 0
gitea-cicd.apps.aws2-dev.ocp.14west.io/cicd/servisbot-s3bucket-manager/pkg/handlers/handlers.go:449.27,451.4 1 0
gitea-cicd.apps.aws2-dev.ocp.14west.io/cicd/servisbot-s3bucket-manager/pkg/handlers/handlers.go:451.9,453.4 1 0
gitea-cicd.apps.aws2-dev.ocp.14west.io/cicd/servisbot-s3bucket-manager/pkg/handlers/handlers.go:458.54,463.2 3 1
gitea-cicd.apps.aws2-dev.ocp.14west.io/cicd/servisbot-s3bucket-manager/pkg/handlers/handlers.go:466.57,467.35 1 1
gitea-cicd.apps.aws2-dev.ocp.14west.io/cicd/servisbot-s3bucket-manager/pkg/handlers/handlers.go:470.2,474.151 4 1
gitea-cicd.apps.aws2-dev.ocp.14west.io/cicd/servisbot-s3bucket-manager/pkg/handlers/handlers.go:467.35,469.3 1 0
gitea-cicd.apps.aws2-dev.ocp.14west.io/cicd/servisbot-s3bucket-manager/pkg/handlers/handlers.go:478.98,484.2 5 1
gitea-cicd.apps.aws2-dev.ocp.14west.io/cicd/servisbot-s3bucket-manager/pkg/handlers/handlers.go:487.67,490.20 2 1
gitea-cicd.apps.aws2-dev.ocp.14west.io/cicd/servisbot-s3bucket-manager/pkg/handlers/handlers.go:494.2,494.80 1 1
gitea-cicd.apps.aws2-dev.ocp.14west.io/cicd/servisbot-s3bucket-manager/pkg/handlers/handlers.go:501.2,501.16 1 1
gitea-cicd.apps.aws2-dev.ocp.14west.io/cicd/servisbot-s3bucket-manager/pkg/handlers/handlers.go:505.2,505.67 1 1
gitea-cicd.apps.aws2-dev.ocp.14west.io/cicd/servisbot-s3bucket-manager/pkg/handlers/handlers.go:514.2,514.50 1 0
gitea-cicd.apps.aws2-dev.ocp.14west.io/cicd/servisbot-s3bucket-manager/pkg/handlers/handlers.go:490.20,492.3 1 0
gitea-cicd.apps.aws2-dev.ocp.14west.io/cicd/servisbot-s3bucket-manager/pkg/handlers/handlers.go:494.80,495.58 1 1
gitea-cicd.apps.aws2-dev.ocp.14west.io/cicd/servisbot-s3bucket-manager/pkg/handlers/handlers.go:498.3,498.49 1 1
gitea-cicd.apps.aws2-dev.ocp.14west.io/cicd/servisbot-s3bucket-manager/pkg/handlers/handlers.go:495.58,497.4 1 0
gitea-cicd.apps.aws2-dev.ocp.14west.io/cicd/servisbot-s3bucket-manager/pkg/handlers/handlers.go:501.16,503.3 1 1
gitea-cicd.apps.aws2-dev.ocp.14west.io/cicd/servisbot-s3bucket-manager/pkg/handlers/handlers.go:505.67,506.63 1 1
gitea-cicd.apps.aws2-dev.ocp.14west.io/cicd/servisbot-s3bucket-manager/pkg/handlers/handlers.go:509.3,512.20 4 1
gitea-cicd.apps.aws2-dev.ocp.14west.io/cicd/servisbot-s3bucket-manager/pkg/handlers/handlers.go:506.63,508.4 1 0
